[38;5;112m[Appium][0m Welcome to Appium v3.1.1
[38;5;112m[Appium][0m Non-default server args:
[38;5;112m[Appium][0m { basePath: [32m'/wd/hub'[39m, loglevel: [32m'info'[39m, port: [33m58214[39m }
[38;5;112m[Appium][0m Attempting to load driver uiautomator2...
[38;5;112m[Appium][0m Appium REST http interface listener started on http://0.0.0.0:58214/wd/hub
[38;5;112m[Appium][0m You can provide the following URLs in your client code to connect to this server:
	http://192.168.26.60:58214/wd/hub
	http://10.10.53.88:58214/wd/hub
	http://127.0.0.1:58214/wd/hub (only accessible from the same host)
[38;5;112m[Appium][0m Available drivers:
[38;5;112m[Appium][0m   - uiautomator2@6.2.1 (automationName 'UiAutomator2')
[38;5;112m[Appium][0m No plugins have been installed. Use the "appium plugin" command to install the one(s) you want to use.
[38;5;86m[HTTP][0m [37m-->[39m [37mGET[39m [37m/wd/hub/status[39m [90m[39m
[38;5;86m[HTTP][0m [37m<-- GET /wd/hub/status [39m[32m200[39m [90m3 ms - 110[39m [90m[39m
[38;5;86m[HTTP][0m [37m-->[39m [37mGET[39m [37m/wd/hub/status[39m [90m[39m
[38;5;86m[HTTP][0m [37m<-- GET /wd/hub/status [39m[32m200[39m [90m1 ms - 110[39m [90m[39m
[38;5;86m[HTTP][0m [37m-->[39m [37mPOST[39m [37m/wd/hub/session[39m [90m{"capabilities":{"firstMatch":[{"appium:autoGrantPermissions":true,"appium:automationName":"uiautomator2","appium:deviceName":"vivo V2427 (Android 15)","appium:newCommandTimeout":1800,"appium:platformVersion":"15","appium:systemPort":8276,"appium:udid":"10DF2L0DUG0004R","platformName":"ANDROID"}]},"desiredCapabilities":{"appium:autoGrantPermissions":true,"appium:automationName":"uiautomator2","appium:deviceName":"vivo V2427 (Android 15)","appium:newCommandTimeout":1800,"appium:platformVersion":"15","appium:systemPort":8276,"appium:udid":"10DF2L0DUG0004R","platformName":"ANDROID"}}[39m
[38;5;123m[BaseDriver][0m The following arguments are not known and will be ignored: desiredCapabilities
[38;5;112m[Appium][0m Attempting to find matching driver for automationName 'uiautomator2' and platformName 'ANDROID'
[38;5;112m[Appium][0m The 'uiautomator2' driver was installed and matched caps.
[38;5;112m[Appium][0m Will require it at C:\Users\dwida\.appium\node_modules\appium-uiautomator2-driver
[38;5;129m[AppiumDriver@19e4][0m Appium v3.1.1 creating new AndroidUiautomator2Driver (v6.2.1) session
[38;5;129m[AppiumDriver@19e4][0m Checking BaseDriver versions for Appium and AndroidUiautomator2Driver
[38;5;129m[AppiumDriver@19e4][0m Appium's BaseDriver version is 10.1.1
[38;5;129m[AppiumDriver@19e4][0m AndroidUiautomator2Driver's BaseDriver version is 10.1.1
[38;5;103m[24da3ea1][0m[38;5;-159m[AndroidUiautomator2Driver@bb93][0m Session created with session id: 24da3ea1-34a3-4b87-9b9c-2184ba0a6113
[38;5;103m[24da3ea1][0m[38;5;229m[ADB][0m Found 1 'build-tools' folders under 'C:\Users\dwida\.katalon\tools\android_sdk' (newest first):
[38;5;103m[24da3ea1][0m[38;5;229m[ADB][0m     C:\Users\dwida\.katalon\tools\android_sdk\build-tools\29.0.3
[38;5;103m[24da3ea1][0m[38;5;229m[ADB][0m Using 'adb.exe' from 'C:\Users\dwida\.katalon\tools\android_sdk\platform-tools\adb.exe'
[38;5;103m[24da3ea1][0m[38;5;-159m[AndroidUiautomator2Driver@bb93][0m Retrieving device list
[38;5;103m[24da3ea1][0m[38;5;-159m[AndroidUiautomator2Driver@bb93][0m Using device: 10DF2L0DUG0004R
[38;5;103m[24da3ea1][0m[38;5;229m[ADB][0m Using 'adb.exe' from 'C:\Users\dwida\.katalon\tools\android_sdk\platform-tools\adb.exe'
[38;5;103m[24da3ea1][0m[38;5;-159m[AndroidUiautomator2Driver@bb93][0m Neither 'app' nor 'appPackage' was set. Starting UiAutomator2 without the target application
[38;5;103m[24da3ea1][0m[38;5;229m[ADB][0m Getting device platform version
[38;5;103m[24da3ea1][0m[38;5;-159m[AndroidUiautomator2Driver@bb93][0m Relaxing hidden api policy
[38;5;103m[24da3ea1][0m[38;5;229m[ADB][0m Using 'aapt2.exe' from 'C:\Users\dwida\.katalon\tools\android_sdk\build-tools\29.0.3\aapt2.exe'
[38;5;103m[24da3ea1][0m[38;5;-159m[AndroidUiautomator2Driver@bb93][0m Server packages are not going to be (re)installed
[38;5;103m[24da3ea1][0m[38;5;229m[ADB][0m Adding packages ["io.appium.settings","io.appium.uiautomator2.server","io.appium.uiautomator2.server.test"] to Doze whitelist
[38;5;103m[24da3ea1][0m[38;5;-159m[AndroidUiautomator2Driver@bb93][0m Starting UIAutomator2 server 9.1.3
[38;5;103m[24da3ea1][0m[38;5;-159m[AndroidUiautomator2Driver@bb93][0m Using UIAutomator2 server from 'C:\Users\dwida\.appium\node_modules\appium-uiautomator2-driver\node_modules\appium-uiautomator2-server\apks\appium-uiautomator2-server-v9.1.3.apk' and test from 'C:\Users\dwida\.appium\node_modules\appium-uiautomator2-driver\node_modules\appium-uiautomator2-server\apks\appium-uiautomator2-server-debug-androidTest.apk'
[38;5;103m[24da3ea1][0m[38;5;-159m[AndroidUiautomator2Driver@bb93][0m Waiting up to 30000ms for UiAutomator2 to be online...
[38;5;103m[24da3ea1][0m[38;5;-159m[AndroidUiautomator2Driver@bb93][0m socket hang up
[38;5;103m[24da3ea1][0m[38;5;-159m[AndroidUiautomator2Driver@bb93][0m Determined the downstream protocol as 'W3C'
[38;5;103m[24da3ea1][0m[38;5;-159m[AndroidUiautomator2Driver@bb93][0m Screen already unlocked, doing nothing
[38;5;103m[24da3ea1][0m[38;5;129m[AppiumDriver@19e4][0m New AndroidUiautomator2Driver session created successfully, session 24da3ea1-34a3-4b87-9b9c-2184ba0a6113 added to master session list
[38;5;103m[24da3ea1][0m[38;5;86m[HTTP][0m [37m<-- POST /wd/hub/session [39m[32m200[39m [90m3077 ms - 968[39m [90m[39m
[38;5;86m[HTTP][0m [37m-->[39m [37mGET[39m [37m/status[39m [90m[39m
[38;5;86m[HTTP][0m [37m<-- GET /status [39m[33m404[39m [90m6 ms - 3091[39m [90m[39m
[38;5;103m[24da3ea1][0m[38;5;86m[HTTP][0m [37m-->[39m [37mPOST[39m [37m/wd/hub/session/24da3ea1-34a3-4b87-9b9c-2184ba0a6113/timeouts[39m [90m{"implicit":60000}[39m
[38;5;103m[24da3ea1][0m[38;5;86m[HTTP][0m [37m<-- POST /wd/hub/session/24da3ea1-34a3-4b87-9b9c-2184ba0a6113/timeouts [39m[32m200[39m [90m2 ms - 14[39m [90m[39m
[38;5;103m[24da3ea1][0m[38;5;86m[HTTP][0m [37m-->[39m [37mPOST[39m [37m/wd/hub/session/24da3ea1-34a3-4b87-9b9c-2184ba0a6113/execute/sync[39m [90m{"args":[],"script":"mobile: getSystemBars"}[39m
[38;5;103m[24da3ea1][0m[38;5;86m[HTTP][0m [37m<-- POST /wd/hub/session/24da3ea1-34a3-4b87-9b9c-2184ba0a6113/execute/sync [39m[31m500[39m [90m132 ms - 1380[39m [90m[39m
[38;5;103m[24da3ea1][0m[38;5;86m[HTTP][0m [37m-->[39m [37mPOST[39m [37m/wd/hub/session/24da3ea1-34a3-4b87-9b9c-2184ba0a6113/execute/sync[39m [90m{"args":[],"script":"mobile:viewportRect"}[39m
[38;5;103m[24da3ea1][0m[38;5;86m[HTTP][0m [37m<-- POST /wd/hub/session/24da3ea1-34a3-4b87-9b9c-2184ba0a6113/execute/sync [39m[32m200[39m [90m29 ms - 57[39m [90m[39m
[38;5;103m[24da3ea1][0m[38;5;86m[HTTP][0m [37m-->[39m [37mPOST[39m [37m/wd/hub/session/24da3ea1-34a3-4b87-9b9c-2184ba0a6113/execute/sync[39m [90m{"args":[{"appId":"com.mobile.ccbi.dev","bundleId":"com.mobile.ccbi.dev"}],"script":"mobile: activateApp"}[39m
[38;5;103m[24da3ea1][0m[38;5;123m[BaseDriver][0m The following arguments are not known and will be ignored: bundleId
[38;5;103m[24da3ea1][0m[38;5;86m[HTTP][0m [37m<-- POST /wd/hub/session/24da3ea1-34a3-4b87-9b9c-2184ba0a6113/execute/sync [39m[32m200[39m [90m310 ms - 14[39m [90m[39m
[38;5;103m[24da3ea1][0m[38;5;86m[HTTP][0m [37m-->[39m [37mGET[39m [37m/wd/hub/session/24da3ea1-34a3-4b87-9b9c-2184ba0a6113/source[39m [90m{}[39m
[38;5;103m[24da3ea1][0m[38;5;-159m[AndroidUiautomator2Driver@bb93][0m Driver proxy active, passing request on via HTTP proxy
[38;5;103m[24da3ea1][0m[38;5;-159m[AndroidUiautomator2Driver@bb93][0m Replacing sessionId 8252bb3b-6f10-4291-984d-4eb0e683cd44 with 24da3ea1-34a3-4b87-9b9c-2184ba0a6113
[38;5;103m[24da3ea1][0m[38;5;86m[HTTP][0m [37m<-- GET /wd/hub/session/24da3ea1-34a3-4b87-9b9c-2184ba0a6113/source [39m[32m200[39m [90m1032 ms - 18683[39m [90m[39m
[38;5;103m[24da3ea1][0m[38;5;86m[HTTP][0m [37m-->[39m [37mGET[39m [37m/wd/hub/session/24da3ea1-34a3-4b87-9b9c-2184ba0a6113/screenshot[39m [90m{}[39m
[38;5;103m[24da3ea1][0m[38;5;86m[HTTP][0m [37m<-- GET /wd/hub/session/24da3ea1-34a3-4b87-9b9c-2184ba0a6113/screenshot [39m[32m200[39m [90m491 ms - 162520[39m [90m[39m
[38;5;103m[24da3ea1][0m[38;5;-159m[AndroidUiautomator2Driver@bb93][0m Shutting down because we waited 1800 seconds for a command
[38;5;103m[24da3ea1][0m[38;5;129m[AppiumDriver@19e4][0m Ending session, cause was 'New Command Timeout of 1800 seconds expired. Try customizing the timeout using the 'newCommandTimeout' desired capability'
[38;5;103m[24da3ea1][0m[38;5;129m[AppiumDriver@19e4][0m Removing session '24da3ea1-34a3-4b87-9b9c-2184ba0a6113' from our master session list
[38;5;103m[24da3ea1][0m[38;5;-159m[AndroidUiautomator2Driver@bb93][0m Did not get the confirmation of UiAutomator2 server session deletion. Original error: 'DELETE /' cannot be proxied to UiAutomator2 server because the instrumentation process is not running (probably crashed). Check the server log and/or the logcat output for more details
[38;5;103m[24da3ea1][0m[38;5;-159m[AndroidUiautomator2Driver@bb93][0m Restoring hidden api policy to the device default configuration
[38;5;103m[24da3ea1][0m[38;5;86m[HTTP][0m [37m-->[39m [37mDELETE[39m [37m/wd/hub/session/24da3ea1-34a3-4b87-9b9c-2184ba0a6113[39m [90m{}[39m
[38;5;103m[24da3ea1][0m[38;5;86m[HTTP][0m [37m<-- DELETE /wd/hub/session/24da3ea1-34a3-4b87-9b9c-2184ba0a6113 [39m[33m404[39m [90m14 ms - 2847[39m [90m[39m
