#
# There is insufficient memory for the Java Runtime Environment to continue.
# Native memory allocation (malloc) failed to allocate 131088 bytes for Chunk::new
# Possible reasons:
#   The system is out of physical RAM or swap space
#   The process is running with CompressedOops enabled, and the Java Heap may be blocking the growth of the native heap
# Possible solutions:
#   Reduce memory load on the system
#   Increase physical memory or swap space
#   Check if swap backing store is full
#   Decrease Java heap size (-Xmx/-Xms)
#   Decrease number of Java threads
#   Decrease Java thread stack sizes (-Xss)
#   Set larger code cache with -XX:ReservedCodeCacheSize=
#   JVM is running with Unscaled Compressed Oops mode in which the Java heap is
#     placed in the first 4GB address space. The Java Heap base address is the
#     maximum limit for the native heap growth. Please use -XX:HeapBaseMinAddress
#     to set the Java Heap base and to place the Java Heap above 4GB virtual address.
# This output file may be truncated or incomplete.
#
#  Out of Memory Error (allocation.cpp:389), pid=16280, tid=0x0000000000002a14
#
# JRE version: OpenJDK Runtime Environment (Zulu 8.68.0.21-CA-win64) (8.0_362-b09) (build 1.8.0_362-b09)
# Java VM: OpenJDK 64-Bit Server VM (25.362-b09 mixed mode windows-amd64 compressed oops)
# Failed to write core dump. Minidumps are not enabled by default on client versions of Windows
#

---------------  T H R E A D  ---------------

Current thread (0x00000288b713b800):  JavaThread "C2 CompilerThread2" daemon [_thread_in_native, id=10772, stack(0x000000d6a8c00000,0x000000d6a8d00000)]

Stack: [0x000000d6a8c00000,0x000000d6a8d00000]
[error occurred during error reporting (printing stack bounds), id 0xc0000005]

Native frames: (J=compiled Java code, j=interpreted, Vv=VM code, C=native code)


Current CompileTask:
C2:   3905 2313       4       java.net.URLClassLoader$1::run (5 bytes)


---------------  P R O C E S S  ---------------

Java Threads: ( => current thread )
  0x00000288bb4c0000 JavaThread "Keep-Alive-Timer" daemon [_thread_blocked, id=41140, stack(0x000000d6a9300000,0x000000d6a9400000)]
  0x00000288b87db800 JavaThread "UrlChecker-2" daemon [_thread_blocked, id=42232, stack(0x000000d6a9100000,0x000000d6a9200000)]
  0x00000288bab36800 JavaThread "Thread-1" [_thread_blocked, id=10828, stack(0x000000d6a9000000,0x000000d6a9100000)]
  0x00000288b718f000 JavaThread "Service Thread" daemon [_thread_blocked, id=36240, stack(0x000000d6a8e00000,0x000000d6a8f00000)]
  0x00000288b713f800 JavaThread "C1 CompilerThread3" daemon [_thread_in_native, id=41048, stack(0x000000d6a8d00000,0x000000d6a8e00000)]
=>0x00000288b713b800 JavaThread "C2 CompilerThread2" daemon [_thread_in_native, id=10772, stack(0x000000d6a8c00000,0x000000d6a8d00000)]
  0x00000288b7138800 JavaThread "C2 CompilerThread1" daemon [_thread_blocked, id=41656, stack(0x000000d6a8b00000,0x000000d6a8c00000)]
  0x00000288b7138000 JavaThread "C2 CompilerThread0" daemon [_thread_in_native, id=22800, stack(0x000000d6a8a00000,0x000000d6a8b00000)]
  0x00000288b7134800 JavaThread "Attach Listener" daemon [_thread_blocked, id=35176, stack(0x000000d6a8900000,0x000000d6a8a00000)]
  0x00000288b7133800 JavaThread "Signal Dispatcher" daemon [_thread_blocked, id=464, stack(0x000000d6a8800000,0x000000d6a8900000)]
  0x00000288b49e8800 JavaThread "Finalizer" daemon [_thread_blocked, id=37580, stack(0x000000d6a8700000,0x000000d6a8800000)]
  0x00000288b49e2000 JavaThread "Reference Handler" daemon [_thread_blocked, id=36956, stack(0x000000d6a8600000,0x000000d6a8700000)]
  0x000002889e471800 JavaThread "main" [_thread_in_vm, id=29772, stack(0x000000d6a7a00000,0x000000d6a7b00000)]

Other Threads:
  0x00000288b49b9000 VMThread [stack: 0x000000d6a8500000,0x000000d6a8600000] [id=24012]
  0x00000288b70f6800 WatcherThread [stack: 0x000000d6a8f00000,0x000000d6a9000000] [id=13824]

VM state:not at safepoint (normal execution)

VM Mutex/Monitor currently owned by a thread:  ([mutex/lock_event])
[0x000002889e45a540] AdapterHandlerLibrary_lock - owner thread: 0x0000000000000000

heap address: 0x0000000080000000, size: 2048 MB, Compressed Oops mode: 32-bit
Narrow klass base: 0x0000000000000000, Narrow klass shift: 3
Compressed class space size: 1073741824 Address: 0x0000000100000000

Heap:
 PSYoungGen      total 139776K, used 108575K [0x00000000d5580000, 0x00000000e1b80000, 0x0000000100000000)
  eden space 129024K, 81% used [0x00000000d5580000,0x00000000dbc566f0,0x00000000dd380000)
  from space 10752K, 30% used [0x00000000dd380000,0x00000000dd6b1648,0x00000000dde00000)
  to   space 11776K, 0% used [0x00000000e1000000,0x00000000e1000000,0x00000000e1b80000)
 ParOldGen       total 111616K, used 10044K [0x0000000080000000, 0x0000000086d00000, 0x00000000d5580000)
  object space 111616K, 8% used [0x0000000080000000,0x00000000809cf2b0,0x0000000086d00000)
 Metaspace       used 26064K, capacity 26515K, committed 27008K, reserved 1075200K
  class space    used 2988K, capacity 3137K, committed 3200K, reserved 1048576K

Card table byte_map: [0x00000288af220000,0x00000288af630000] byte_map_base: 0x00000288aee20000

Marking Bits: (ParMarkBitMap*) 0x000000005b6f5390
 Begin Bits: [0x00000288af8e0000, 0x00000288b18e0000)
 End Bits:   [0x00000288b18e0000, 0x00000288b38e0000)

Polling page: 0x000002889e610000

CodeCache: size=245760Kb used=10083Kb max_used=10083Kb free=235676Kb
 bounds [0x000002889fe60000, 0x00000288a0840000, 0x00000288aee60000]
 total_blobs=3032 nmethods=2347 adapters=595
 compilation: enabled

Compilation events (10 events):
Event: 3.902 Thread 0x00000288b713f800 nmethod 2338 0x00000288a0831ad0 code [0x00000288a0831e80, 0x00000288a0834030]
Event: 3.902 Thread 0x00000288b713f800 2340   !   3       sun.security.util.DerValue::encode (87 bytes)
Event: 3.903 Thread 0x00000288b713f800 nmethod 2340 0x00000288a0835090 code [0x00000288a08352a0, 0x00000288a0836170]
Event: 3.903 Thread 0x00000288b713f800 2339       3       sun.security.util.DerValue::toDerInputStream (60 bytes)
Event: 3.903 Thread 0x00000288b713f800 nmethod 2339 0x00000288a0836910 code [0x00000288a0836b00, 0x00000288a0837580]
Event: 3.903 Thread 0x00000288b713f800 2341       1       sun.util.calendar.CalendarDate::getMonth (5 bytes)
Event: 3.903 Thread 0x00000288b713f800 nmethod 2341 0x00000288a08303d0 code [0x00000288a0830520, 0x00000288a0830638]
Event: 3.903 Thread 0x00000288b713f800 2342       3       sun.security.util.DerInputStream::<init> (14 bytes)
Event: 3.903 Thread 0x00000288b713f800 nmethod 2342 0x00000288a0837a10 code [0x00000288a0837b80, 0x00000288a0837d90]
Event: 3.903 Thread 0x00000288b713f800 2343       3       sun.security.x509.RDN::<init> (85 bytes)

GC Heap History (10 events):
Event: 0.881 GC heap before
{Heap before GC invocations=2 (full 0):
 PSYoungGen      total 75264K, used 71178K [0x00000000d5580000, 0x00000000da980000, 0x0000000100000000)
  eden space 64512K, 100% used [0x00000000d5580000,0x00000000d9480000,0x00000000d9480000)
  from space 10752K, 62% used [0x00000000d9480000,0x00000000d9b02be8,0x00000000d9f00000)
  to   space 10752K, 0% used [0x00000000d9f00000,0x00000000d9f00000,0x00000000da980000)
 ParOldGen       total 172032K, used 16K [0x0000000080000000, 0x000000008a800000, 0x00000000d5580000)
  object space 172032K, 0% used [0x0000000080000000,0x0000000080004000,0x000000008a800000)
 Metaspace       used 11465K, capacity 11676K, committed 11904K, reserved 1060864K
  class space    used 1255K, capacity 1338K, committed 1408K, reserved 1048576K
Event: 0.884 GC heap after
Heap after GC invocations=2 (full 0):
 PSYoungGen      total 75264K, used 6486K [0x00000000d5580000, 0x00000000da980000, 0x0000000100000000)
  eden space 64512K, 0% used [0x00000000d5580000,0x00000000d5580000,0x00000000d9480000)
  from space 10752K, 60% used [0x00000000d9f00000,0x00000000da555a98,0x00000000da980000)
  to   space 10752K, 0% used [0x00000000d9480000,0x00000000d9480000,0x00000000d9f00000)
 ParOldGen       total 172032K, used 24K [0x0000000080000000, 0x000000008a800000, 0x00000000d5580000)
  object space 172032K, 0% used [0x0000000080000000,0x0000000080006000,0x000000008a800000)
 Metaspace       used 11465K, capacity 11676K, committed 11904K, reserved 1060864K
  class space    used 1255K, capacity 1338K, committed 1408K, reserved 1048576K
}
Event: 1.264 GC heap before
{Heap before GC invocations=3 (full 0):
 PSYoungGen      total 75264K, used 70998K [0x00000000d5580000, 0x00000000da980000, 0x0000000100000000)
  eden space 64512K, 100% used [0x00000000d5580000,0x00000000d9480000,0x00000000d9480000)
  from space 10752K, 60% used [0x00000000d9f00000,0x00000000da555a98,0x00000000da980000)
  to   space 10752K, 0% used [0x00000000d9480000,0x00000000d9480000,0x00000000d9f00000)
 ParOldGen       total 172032K, used 24K [0x0000000080000000, 0x000000008a800000, 0x00000000d5580000)
  object space 172032K, 0% used [0x0000000080000000,0x0000000080006000,0x000000008a800000)
 Metaspace       used 17603K, capacity 17830K, committed 18176K, reserved 1064960K
  class space    used 1892K, capacity 1985K, committed 2048K, reserved 1048576K
Event: 1.269 GC heap after
Heap after GC invocations=3 (full 0):
 PSYoungGen      total 75264K, used 8585K [0x00000000d5580000, 0x00000000de880000, 0x0000000100000000)
  eden space 64512K, 0% used [0x00000000d5580000,0x00000000d5580000,0x00000000d9480000)
  from space 10752K, 79% used [0x00000000d9480000,0x00000000d9ce2700,0x00000000d9f00000)
  to   space 10752K, 0% used [0x00000000dde00000,0x00000000dde00000,0x00000000de880000)
 ParOldGen       total 172032K, used 32K [0x0000000080000000, 0x000000008a800000, 0x00000000d5580000)
  object space 172032K, 0% used [0x0000000080000000,0x0000000080008000,0x000000008a800000)
 Metaspace       used 17603K, capacity 17830K, committed 18176K, reserved 1064960K
  class space    used 1892K, capacity 1985K, committed 2048K, reserved 1048576K
}
Event: 1.644 GC heap before
{Heap before GC invocations=4 (full 0):
 PSYoungGen      total 75264K, used 69943K [0x00000000d5580000, 0x00000000de880000, 0x0000000100000000)
  eden space 64512K, 95% used [0x00000000d5580000,0x00000000d916b6f8,0x00000000d9480000)
  from space 10752K, 79% used [0x00000000d9480000,0x00000000d9ce2700,0x00000000d9f00000)
  to   space 10752K, 0% used [0x00000000dde00000,0x00000000dde00000,0x00000000de880000)
 ParOldGen       total 172032K, used 32K [0x0000000080000000, 0x000000008a800000, 0x00000000d5580000)
  object space 172032K, 0% used [0x0000000080000000,0x0000000080008000,0x000000008a800000)
 Metaspace       used 20742K, capacity 21033K, committed 21296K, reserved 1069056K
  class space    used 2302K, capacity 2432K, committed 2432K, reserved 1048576K
Event: 1.651 GC heap after
Heap after GC invocations=4 (full 0):
 PSYoungGen      total 139776K, used 10207K [0x00000000d5580000, 0x00000000de880000, 0x0000000100000000)
  eden space 129024K, 0% used [0x00000000d5580000,0x00000000d5580000,0x00000000dd380000)
  from space 10752K, 94% used [0x00000000dde00000,0x00000000de7f7c00,0x00000000de880000)
  to   space 10752K, 0% used [0x00000000dd380000,0x00000000dd380000,0x00000000dde00000)
 ParOldGen       total 172032K, used 104K [0x0000000080000000, 0x000000008a800000, 0x00000000d5580000)
  object space 172032K, 0% used [0x0000000080000000,0x000000008001a010,0x000000008a800000)
 Metaspace       used 20742K, capacity 21033K, committed 21296K, reserved 1069056K
  class space    used 2302K, capacity 2432K, committed 2432K, reserved 1048576K
}
Event: 1.651 GC heap before
{Heap before GC invocations=5 (full 1):
 PSYoungGen      total 139776K, used 10207K [0x00000000d5580000, 0x00000000de880000, 0x0000000100000000)
  eden space 129024K, 0% used [0x00000000d5580000,0x00000000d5580000,0x00000000dd380000)
  from space 10752K, 94% used [0x00000000dde00000,0x00000000de7f7c00,0x00000000de880000)
  to   space 10752K, 0% used [0x00000000dd380000,0x00000000dd380000,0x00000000dde00000)
 ParOldGen       total 172032K, used 104K [0x0000000080000000, 0x000000008a800000, 0x00000000d5580000)
  object space 172032K, 0% used [0x0000000080000000,0x000000008001a010,0x000000008a800000)
 Metaspace       used 20742K, capacity 21033K, committed 21296K, reserved 1069056K
  class space    used 2302K, capacity 2432K, committed 2432K, reserved 1048576K
Event: 1.678 GC heap after
Heap after GC invocations=5 (full 1):
 PSYoungGen      total 139776K, used 0K [0x00000000d5580000, 0x00000000de880000, 0x0000000100000000)
  eden space 129024K, 0% used [0x00000000d5580000,0x00000000d5580000,0x00000000dd380000)
  from space 10752K, 0% used [0x00000000dde00000,0x00000000dde00000,0x00000000de880000)
  to   space 10752K, 0% used [0x00000000dd380000,0x00000000dd380000,0x00000000dde00000)
 ParOldGen       total 111616K, used 10036K [0x0000000080000000, 0x0000000086d00000, 0x00000000d5580000)
  object space 111616K, 8% used [0x0000000080000000,0x00000000809cd2b0,0x0000000086d00000)
 Metaspace       used 20742K, capacity 21033K, committed 21296K, reserved 1069056K
  class space    used 2302K, capacity 2432K, committed 2432K, reserved 1048576K
}
Event: 2.066 GC heap before
{Heap before GC invocations=6 (full 1):
 PSYoungGen      total 139776K, used 129024K [0x00000000d5580000, 0x00000000de880000, 0x0000000100000000)
  eden space 129024K, 100% used [0x00000000d5580000,0x00000000dd380000,0x00000000dd380000)
  from space 10752K, 0% used [0x00000000dde00000,0x00000000dde00000,0x00000000de880000)
  to   space 10752K, 0% used [0x00000000dd380000,0x00000000dd380000,0x00000000dde00000)
 ParOldGen       total 111616K, used 10036K [0x0000000080000000, 0x0000000086d00000, 0x00000000d5580000)
  object space 111616K, 8% used [0x0000000080000000,0x00000000809cd2b0,0x0000000086d00000)
 Metaspace       used 22901K, capacity 23235K, committed 23424K, reserved 1071104K
  class space    used 2516K, capacity 2651K, committed 2688K, reserved 1048576K
Event: 2.068 GC heap after
Heap after GC invocations=6 (full 1):
 PSYoungGen      total 139776K, used 3269K [0x00000000d5580000, 0x00000000e1b80000, 0x0000000100000000)
  eden space 129024K, 0% used [0x00000000d5580000,0x00000000d5580000,0x00000000dd380000)
  from space 10752K, 30% used [0x00000000dd380000,0x00000000dd6b1648,0x00000000dde00000)
  to   space 11776K, 0% used [0x00000000e1000000,0x00000000e1000000,0x00000000e1b80000)
 ParOldGen       total 111616K, used 10044K [0x0000000080000000, 0x0000000086d00000, 0x00000000d5580000)
  object space 111616K, 8% used [0x0000000080000000,0x00000000809cf2b0,0x0000000086d00000)
 Metaspace       used 22901K, capacity 23235K, committed 23424K, reserved 1071104K
  class space    used 2516K, capacity 2651K, committed 2688K, reserved 1048576K
}

Deoptimization events (10 events):
Event: 1.918 Thread 0x000002889e471800 Uncommon trap: reason=unstable_if action=reinterpret pc=0x00000288a05cfcc4 method=java.io.WinNTFileSystem.isLetter(C)Z @ 3
Event: 2.242 Thread 0x000002889e471800 Uncommon trap: reason=unstable_if action=reinterpret pc=0x00000288a04f235c method=java.util.zip.ZipFile$ZipEntryIterator.hasNext()Z @ 25
Event: 2.382 Thread 0x000002889e471800 Uncommon trap: reason=bimorphic action=maybe_recompile pc=0x00000288a056e060 method=java.util.HashMap.putVal(ILjava/lang/Object;Ljava/lang/Object;ZZ)Ljava/lang/Object; @ 253
Event: 2.382 Thread 0x000002889e471800 Uncommon trap: reason=bimorphic action=maybe_recompile pc=0x00000288a056e060 method=java.util.HashMap.putVal(ILjava/lang/Object;Ljava/lang/Object;ZZ)Ljava/lang/Object; @ 253
Event: 2.382 Thread 0x000002889e471800 Uncommon trap: reason=bimorphic action=maybe_recompile pc=0x00000288a056e060 method=java.util.HashMap.putVal(ILjava/lang/Object;Ljava/lang/Object;ZZ)Ljava/lang/Object; @ 253
Event: 2.511 Thread 0x000002889e471800 Uncommon trap: reason=bimorphic action=maybe_recompile pc=0x00000288a04b6e74 method=java.net.URL.<init>(Ljava/net/URL;Ljava/lang/String;Ljava/net/URLStreamHandler;)V @ 504
Event: 2.511 Thread 0x000002889e471800 Uncommon trap: reason=unstable_if action=reinterpret pc=0x00000288a012750c method=sun.net.util.IPAddressUtil.scan(Ljava/lang/String;JJ[C)I @ 14
Event: 3.617 Thread 0x000002889e471800 Uncommon trap: reason=bimorphic action=maybe_recompile pc=0x00000288a04b6e74 method=java.net.URL.<init>(Ljava/net/URL;Ljava/lang/String;Ljava/net/URLStreamHandler;)V @ 504
Event: 3.617 Thread 0x000002889e471800 Uncommon trap: reason=unstable_if action=reinterpret pc=0x00000288a00c7cc4 method=sun.net.util.IPAddressUtil.scan(Ljava/lang/String;JJ[C)I @ 14
Event: 3.890 Thread 0x000002889e471800 Uncommon trap: reason=unstable_if action=reinterpret pc=0x00000288a0535c78 method=sun.nio.fs.WindowsPathParser.isSlash(C)Z @ 9

Classes redefined (0 events):
No events

Internal exceptions (10 events):
Event: 2.291 Thread 0x000002889e471800 Exception <a 'java/lang/ClassNotFoundException': java/text/MessageFormatBeanInfo> (0x00000000da174078) thrown at [C:\jenkins\workspace\zulu-platform-build\zulu-src.git\hotspot\src\share\vm\classfile\systemDictionary.cpp, line 220]
Event: 2.292 Thread 0x000002889e471800 Exception <a 'java/lang/ClassNotFoundException': java/text/FormatBeanInfo> (0x00000000da1d87e0) thrown at [C:\jenkins\workspace\zulu-platform-build\zulu-src.git\hotspot\src\share\vm\classfile\systemDictionary.cpp, line 220]
Event: 2.293 Thread 0x000002889e471800 Exception <a 'java/lang/ClassNotFoundException': java/text/FormatCustomizer> (0x00000000da2420a8) thrown at [C:\jenkins\workspace\zulu-platform-build\zulu-src.git\hotspot\src\share\vm\classfile\systemDictionary.cpp, line 220]
Event: 2.294 Thread 0x000002889e471800 Exception <a 'java/lang/ClassNotFoundException': java/text/MessageFormatCustomizer> (0x00000000da2b8a88) thrown at [C:\jenkins\workspace\zulu-platform-build\zulu-src.git\hotspot\src\share\vm\classfile\systemDictionary.cpp, line 220]
Event: 2.299 Thread 0x000002889e471800 Exception <a 'java/lang/ClassNotFoundException': com/kms/katalon/core/mobile/keyword/internal/MobileKeywordMainBeanInfo> (0x00000000da41e128) thrown at [C:\jenkins\workspace\zulu-platform-build\zulu-src.git\hotspot\src\share\vm\classfile\systemDictionary.
Event: 2.301 Thread 0x000002889e471800 Exception <a 'java/lang/ClassNotFoundException': com/kms/katalon/core/mobile/keyword/internal/MobileKeywordMainCustomizer> (0x00000000da504c38) thrown at [C:\jenkins\workspace\zulu-platform-build\zulu-src.git\hotspot\src\share\vm\classfile\systemDictionar
Event: 2.313 Thread 0x000002889e471800 Exception <a 'java/lang/ClassNotFoundException': com/kms/katalon/core/mobile/keyword/internal/MobileDriverFactoryBeanInfo> (0x00000000da7427f0) thrown at [C:\jenkins\workspace\zulu-platform-build\zulu-src.git\hotspot\src\share\vm\classfile\systemDictionar
Event: 2.315 Thread 0x000002889e471800 Exception <a 'java/lang/ClassNotFoundException': com/kms/katalon/core/mobile/keyword/internal/MobileDriverFactoryCustomizer> (0x00000000da82f340) thrown at [C:\jenkins\workspace\zulu-platform-build\zulu-src.git\hotspot\src\share\vm\classfile\systemDiction
Event: 3.034 Thread 0x00000288b87db800 Exception <a 'java/net/SocketTimeoutException': connect timed out> (0x00000000db2831f0) thrown at [C:\jenkins\workspace\zulu-platform-build\zulu-src.git\hotspot\src\share\vm\prims\jni.cpp, line 736]
Event: 3.562 Thread 0x00000288b87db800 Exception <a 'java/net/SocketTimeoutException': connect timed out> (0x00000000db284a30) thrown at [C:\jenkins\workspace\zulu-platform-build\zulu-src.git\hotspot\src\share\vm\prims\jni.cpp, line 736]

Events (10 events):
Event: 3.900 loading class java/security/spec/InvalidKeySpecException
Event: 3.900 loading class java/security/spec/InvalidKeySpecException done
Event: 3.900 loading class sun/security/ec/ECPublicKeyImpl
Event: 3.900 loading class sun/security/ec/ECPublicKeyImpl done
Event: 3.900 loading class java/security/interfaces/ECPublicKey
Event: 3.900 loading class java/security/interfaces/ECPublicKey done
Event: 3.900 loading class java/security/spec/InvalidParameterSpecException
Event: 3.900 loading class java/security/spec/InvalidParameterSpecException done
Event: 3.900 loading class sun/security/util/ECUtil
Event: 3.900 loading class sun/security/util/ECUtil done


Dynamic libraries:
0x00007ff686780000 - 0x00007ff6867d1000 	C:\Users\melin\.katalon\packages\Katalon_Studio_Windows_64-8.6.8\Katalon_Studio_Windows_64-8.6.8\jre\bin\javaw.exe
0x00007ffacfaf0000 - 0x00007ffacfd07000 	C:\Windows\SYSTEM32\ntdll.dll
0x00007fface850000 - 0x00007fface914000 	C:\Windows\System32\KERNEL32.DLL
0x00007ffaccfb0000 - 0x00007ffacd35c000 	C:\Windows\System32\KERNELBASE.dll
0x00007fface940000 - 0x00007fface9f2000 	C:\Windows\System32\ADVAPI32.dll
0x00007ffacecd0000 - 0x00007ffaced77000 	C:\Windows\System32\msvcrt.dll
0x00007fface7a0000 - 0x00007fface84a000 	C:\Windows\System32\sechost.dll
0x00007ffacce20000 - 0x00007ffacce48000 	C:\Windows\System32\bcrypt.dll
0x00007fface540000 - 0x00007fface655000 	C:\Windows\System32\RPCRT4.dll
0x00007ffacedb0000 - 0x00007ffacef5e000 	C:\Windows\System32\USER32.dll
0x00007ffacd3e0000 - 0x00007ffacd406000 	C:\Windows\System32\win32u.dll
0x00007ffaced80000 - 0x00007ffaceda9000 	C:\Windows\System32\GDI32.dll
0x00007ffacd410000 - 0x00007ffacd529000 	C:\Windows\System32\gdi32full.dll
0x00007ffaccf10000 - 0x00007ffaccfaa000 	C:\Windows\System32\msvcp_win.dll
0x00007ffacd6a0000 - 0x00007ffacd7b1000 	C:\Windows\System32\ucrtbase.dll
0x00007ffabded0000 - 0x00007ffabe163000 	C:\Windows\WinSxS\amd64_microsoft.windows.common-controls_6595b64144ccf1df_6.0.22621.3672_none_2713b9d173822955\COMCTL32.dll
0x00007fface4a0000 - 0x00007fface4d1000 	C:\Windows\System32\IMM32.DLL
0x00007ffac64c0000 - 0x00007ffac64d5000 	C:\Users\melin\.katalon\packages\Katalon_Studio_Windows_64-8.6.8\Katalon_Studio_Windows_64-8.6.8\jre\bin\vcruntime140.dll
0x00007ffaad9f0000 - 0x00007ffaada8b000 	C:\Users\melin\.katalon\packages\Katalon_Studio_Windows_64-8.6.8\Katalon_Studio_Windows_64-8.6.8\jre\bin\msvcp140.dll
0x000000005af00000 - 0x000000005b770000 	C:\Users\melin\.katalon\packages\Katalon_Studio_Windows_64-8.6.8\Katalon_Studio_Windows_64-8.6.8\jre\bin\server\jvm.dll
0x00007ffacf060000 - 0x00007ffacf068000 	C:\Windows\System32\PSAPI.DLL
0x00007ffab39b0000 - 0x00007ffab39b9000 	C:\Windows\SYSTEM32\WSOCK32.dll
0x00007ffac6330000 - 0x00007ffac6364000 	C:\Windows\SYSTEM32\WINMM.dll
0x00007ffacdcc0000 - 0x00007ffacdd31000 	C:\Windows\System32\WS2_32.dll
0x00007ffac4750000 - 0x00007ffac475a000 	C:\Windows\SYSTEM32\VERSION.dll
0x00007ffacbe50000 - 0x00007ffacbe68000 	C:\Windows\SYSTEM32\kernel.appcore.dll
0x00007ffac8b50000 - 0x00007ffac8b60000 	C:\Users\melin\.katalon\packages\Katalon_Studio_Windows_64-8.6.8\Katalon_Studio_Windows_64-8.6.8\jre\bin\verify.dll
0x00007ffac4f60000 - 0x00007ffac4f8b000 	C:\Users\melin\.katalon\packages\Katalon_Studio_Windows_64-8.6.8\Katalon_Studio_Windows_64-8.6.8\jre\bin\java.dll
0x00007ffac64f0000 - 0x00007ffac6508000 	C:\Users\melin\.katalon\packages\Katalon_Studio_Windows_64-8.6.8\Katalon_Studio_Windows_64-8.6.8\jre\bin\zip.dll
0x00007ffacf250000 - 0x00007ffacfaac000 	C:\Windows\System32\SHELL32.dll
0x00007ffacad70000 - 0x00007ffacb667000 	C:\Windows\SYSTEM32\windows.storage.dll
0x00007ffacddf0000 - 0x00007fface178000 	C:\Windows\System32\combase.dll
0x00007ffacac30000 - 0x00007ffacad6f000 	C:\Windows\SYSTEM32\wintypes.dll
0x00007ffacef60000 - 0x00007ffacf054000 	C:\Windows\System32\SHCORE.dll
0x00007ffacea00000 - 0x00007ffacea5e000 	C:\Windows\System32\shlwapi.dll
0x00007ffaccd50000 - 0x00007ffaccd71000 	C:\Windows\SYSTEM32\profapi.dll
0x00007ffac4ee0000 - 0x00007ffac4efc000 	C:\Users\melin\.katalon\packages\Katalon_Studio_Windows_64-8.6.8\Katalon_Studio_Windows_64-8.6.8\jre\bin\net.dll
0x00007ffacc2c0000 - 0x00007ffacc329000 	C:\Windows\system32\mswsock.dll
0x00007ffac46e0000 - 0x00007ffac46f3000 	C:\Users\melin\.katalon\packages\Katalon_Studio_Windows_64-8.6.8\Katalon_Studio_Windows_64-8.6.8\jre\bin\nio.dll
0x00007ffacb8d0000 - 0x00007ffacb8fd000 	C:\Windows\SYSTEM32\IPHLPAPI.DLL
0x00007ffacd830000 - 0x00007ffacd839000 	C:\Windows\System32\NSI.dll
0x00007ffac89f0000 - 0x00007ffac8a09000 	C:\Windows\SYSTEM32\dhcpcsvc6.DLL
0x00007ffac89d0000 - 0x00007ffac89ef000 	C:\Windows\SYSTEM32\dhcpcsvc.DLL
0x00007ffacb900000 - 0x00007ffacb9f8000 	C:\Windows\SYSTEM32\DNSAPI.dll
0x00007ffac3e30000 - 0x00007ffac3e54000 	C:\Users\melin\.katalon\packages\Katalon_Studio_Windows_64-8.6.8\Katalon_Studio_Windows_64-8.6.8\jre\bin\sunec.dll

VM Arguments:
jvm_args: -Dgroovy.home=C:\Users\melin/.groovy -Djava.system.class.loader=groovy.lang.GroovyClassLoader -Xmx2048m -Dfile.encoding=UTF-8 
java_command: org.codehaus.groovy.tools.GroovyStarter --classpath D:\Product\Automation Mobile Banking V3 DSI\bin\keyword;D:\Product\Automation Mobile Banking V3 DSI\Keywords;D:\Product\Automation Mobile Banking V3 DSI\bin\listener;D:\Product\Automation Mobile Banking V3 DSI\Test Listeners;D:\Product\Automation Mobile Banking V3 DSI\bin\lib;D:\Product\Automation Mobile Banking V3 DSI\Libs;D:\Product\Automation Mobile Banking V3 DSI\bin\groovy;D:\Product\Automation Mobile Banking V3 DSI\Include\scripts\groovy;C:\Users\melin\.katalon\packages\Katalon_Studio_Windows_64-8.6.8\Katalon_Studio_Windows_64-8.6.8\plugins\com.kms.katalon.core_1.0.0.202403131058.jar;C:\Users\melin\.katalon\packages\Katalon_Studio_Windows_64-8.6.8\Katalon_Studio_Windows_64-8.6.8\configuration\resources\lib\aalto-xml-1.0.0.jar;C:\Users\melin\.katalon\packages\Katalon_Studio_Windows_64-8.6.8\Katalon_Studio_Windows_64-8.6.8\configuration\resources\lib\aspectjweaver-1.9.1.jar;C:\Users\melin\.katalon\packages\Katalon_Studio_Windows_64-8.6.8\Katalon_Studio_Windows_64-8.6.8\configuration\resources\lib\bcpkix-jdk15on-1.64.jar;C:\Users\melin\.katalon\packages\Katalon_Studio_Windows_64-8.6.8\Katalon_Studio_Windows_64-8.6.8\configuration\resources\lib\bcprov-jdk15on-1.64.jar;C:\Users\melin\.katalon\packages\Katalon_Studio_Windows_64-8.6.8\Katalon_Studio_Windows_64-8.6.8\configuration\resources\lib\browsermob-core-2.1.5.jar;C:\Users\melin\.katalon\packages\Katalon_Studio_Windows_64-8.6.8\Katalon_Studio_Windows_64-8.6.8\configuration\resources\lib\cglib-3.2.10.jar;C:\Users\melin\.katalon\packages\Katalon_Studio_Windows_64-8.6.8\Katalon_Studio_Windows_64-8.6.8\configuration\resources\lib\commons-codec-1.10.jar;C:\Users\melin\.katalon\packages\Katalon_Studio_Windows_64-8.6.8\Katalon_Studio_Windows_64-8.6.8\configuration\resources\lib\commons-collections4-4.1.jar;C:\Users\melin\.katalon\packages\Katalon_Studio_Windows_64-8.6.8\Katalon_Studio_Windows_64-8.6.8\configuration\resources\lib\commons-validator-1.6.j
java_class_path (initial): D:\Product\Automation Mobile Banking V3 DSI\bin\keyword;D:\Product\Automation Mobile Banking V3 DSI\bin\listener;D:\Product\Automation Mobile Banking V3 DSI\bin\lib;D:\Product\Automation Mobile Banking V3 DSI\bin\groovy;D:\Product\Automation Mobile Banking V3 DSI\bin;C:\Users\melin\.katalon\packages\Katalon_Studio_Windows_64-8.6.8\Katalon_Studio_Windows_64-8.6.8\plugins\com.kms.katalon.core_1.0.0.202403131058.jar;C:\Users\melin\.katalon\packages\Katalon_Studio_Windows_64-8.6.8\Katalon_Studio_Windows_64-8.6.8\configuration\resources\lib\aalto-xml-1.0.0.jar;C:\Users\melin\.katalon\packages\Katalon_Studio_Windows_64-8.6.8\Katalon_Studio_Windows_64-8.6.8\configuration\resources\lib\aspectjweaver-1.9.1.jar;C:\Users\melin\.katalon\packages\Katalon_Studio_Windows_64-8.6.8\Katalon_Studio_Windows_64-8.6.8\configuration\resources\lib\bcpkix-jdk15on-1.64.jar;C:\Users\melin\.katalon\packages\Katalon_Studio_Windows_64-8.6.8\Katalon_Studio_Windows_64-8.6.8\configuration\resources\lib\bcprov-jdk15on-1.64.jar;C:\Users\melin\.katalon\packages\Katalon_Studio_Windows_64-8.6.8\Katalon_Studio_Windows_64-8.6.8\configuration\resources\lib\browsermob-core-2.1.5.jar;C:\Users\melin\.katalon\packages\Katalon_Studio_Windows_64-8.6.8\Katalon_Studio_Windows_64-8.6.8\configuration\resources\lib\cglib-3.2.10.jar;C:\Users\melin\.katalon\packages\Katalon_Studio_Windows_64-8.6.8\Katalon_Studio_Windows_64-8.6.8\configuration\resources\lib\commons-codec-1.10.jar;C:\Users\melin\.katalon\packages\Katalon_Studio_Windows_64-8.6.8\Katalon_Studio_Windows_64-8.6.8\configuration\resources\lib\commons-collections4-4.1.jar;C:\Users\melin\.katalon\packages\Katalon_Studio_Windows_64-8.6.8\Katalon_Studio_Windows_64-8.6.8\configuration\resources\lib\commons-validator-1.6.jar;C:\Users\melin\.katalon\packages\Katalon_Studio_Windows_64-8.6.8\Katalon_Studio_Windows_64-8.6.8\configuration\resources\lib\curvesapi-1.04.jar;C:\Users\melin\.katalon\packages\Katalon_Studio_Windows_64-8.6.8\Katalon
Launcher Type: SUN_STANDARD

Environment Variables:
JAVA_HOME=C:\Users\melin\.katalon\packages\Katalon_Studio_Windows_64-8.6.8\Katalon_Studio_Windows_64-8.6.8\jre
PATH=C:/Users/melin/.katalon/packages/Katalon_Studio_Windows_64-8.6.8/Katalon_Studio_Windows_64-8.6.8/jre/bin/server;C:/Users/melin/.katalon/packages/Katalon_Studio_Windows_64-8.6.8/Katalon_Studio_Windows_64-8.6.8/jre/bin;C:/Users/melin/.katalon/packages/Katalon_Studio_Windows_64-8.6.8/Katalon_Studio_Windows_64-8.6.8/jre/lib/amd64;C:\Program Files\Common Files\Oracle\Java\javapath;C:\Windows\system32;C:\Windows;C:\Windows\System32\Wbem;C:\Windows\System32\WindowsPowerShell\v1.0\;C:\Windows\System32\OpenSSH\;C:\Program Files\Java\jdk-17\bin;C:\Program Files\nodejs\;C:\Program Files\Git\cmd;C:\Users\melin\AppData\Local\Microsoft\WindowsApps;C:\Users\melin\AppData\Roaming\npm;C:\Program Files (x86)\Sophos\Sophos SSL VPN Client\bin;C:\Users\melin\.katalon\packages\Katalon_Studio_Windows_64-8.6.8\Katalon_Studio_Windows_64-8.6.8;:C:\Users\melin\.katalon\packages\Katalon_Studio_Windows_64-8.6.8\Katalon_Studio_Windows_64-8.6.8\jre\bin
USERNAME=melin
OS=Windows_NT
PROCESSOR_IDENTIFIER=Intel64 Family 6 Model 154 Stepping 4, GenuineIntel



---------------  S Y S T E M  ---------------

OS: Windows 11 , 64 bit Build 22621 (10.0.22621.3672)

CPU:total 12 (initial active 12) (6 cores per cpu, 2 threads per core) family 6 model 154 stepping 4, cmov, cx8, fxsr, mmx, sse, sse2, sse3, ssse3, sse4.1, sse4.2, popcnt, avx, avx2, aes, clmul, erms, 3dnowpref, lzcnt, ht, tsc, tscinvbit, bmi1, bmi2, adx

Memory: 4k page, physical 16465204k(1966992k free), swap 46013788k(5216k free)

vm_info: OpenJDK 64-Bit Server VM (25.362-b09) for windows-amd64 JRE (Zulu 8.68.0.21-CA-win64) (1.8.0_362-b09), built on Jan 19 2023 16:49:02 by "tester" with MS VC++ 15.9 (VS2017)

time: Fri Aug  2 15:27:27 2024
timezone: SE Asia Standard Time
elapsed time: 3.908543 seconds (0d 0h 0m 3s)

